<?xml version="1.0" encoding="UTF-8"?>
<testsuite xmlns:xsi="http://www.w3.org/2001/XMLSchema-instance" xsi:noNamespaceSchemaLocation="https://maven.apache.org/surefire/maven-surefire-plugin/xsd/surefire-test-report.xsd" version="3.0.2" name="com.qr_code_generator.QrCodeGeneratorApplicationTests" time="2.264" tests="1" errors="0" skipped="0" failures="0">
  <properties>
[...]
</properties>
  <testcase name="contextLoads" classname="com.qr_code_generator.QrCodeGeneratorApplicationTests" time="0.743">
    <system-out><![CDATA[13:00:25.993 [main] INFO org.springframework.test.context.support.AnnotationConfigContextLoaderUtils -- Could not detect default configuration classes for test class [com.qr_code_generator.QrCodeGeneratorApplicationTests]: QrCodeGeneratorApplicationTests does not declare any static, non-private, non-final, nested classes annotated with @Configuration.
13:00:26.072 [main] INFO org.springframework.boot.test.context.SpringBootTestContextBootstrapper -- Found @SpringBootConfiguration com.qr_code_generator.QrCodeGeneratorApplication for test class com.qr_code_generator.QrCodeGeneratorApplicationTests

  .   ____          _            __ _ _
 /\\ / ___'_ __ _ _(_)_ __  __ _ \ \ \ \
( ( )\___ | '_ | '_| | '_ \/ _` | \ \ \ \
 \\/  ___)| |_)| | | | | || (_| |  ) ) ) )
  '  |____| .__|_| |_|_| |_\__, | / / / /
 =========|_|==============|___/=/_/_/_/

 :: Spring Boot ::                (v3.4.4)

2025-04-23T13:00:26.433+05:30  INFO 16439 --- [qr-code-generator] [           main] c.q.QrCodeGeneratorApplicationTests      : Starting QrCodeGeneratorApplicationTests using Java 21.0.6 with PID 16439 (started by root467 in /home/root467/Documents/qrcode/qr-code-generator)
2025-04-23T13:00:26.435+05:30  INFO 16439 --- [qr-code-generator] [           main] c.q.QrCodeGeneratorApplicationTests      : No active profile set, falling back to 1 default profile: "default"
2025-04-23T13:00:27.383+05:30  INFO 16439 --- [qr-code-generator] [           main] c.q.QrCodeGeneratorApplicationTests      : Started QrCodeGeneratorApplicationTests in 1.204 seconds (process running for 1.959)
]]></system-out>
    <system-err><![CDATA[Mockito is currently self-attaching to enable the inline-mock-maker. This will no longer work in future releases of the JDK. Please add Mockito as an agent to your build what is described in Mockito's documentation: https://javadoc.io/doc/org.mockito/mockito-core/latest/org/mockito/Mockito.html#0.3
WARNING: A Java agent has been loaded dynamically (/home/root467/.m2/repository/net/bytebuddy/byte-buddy-agent/1.15.11/byte-buddy-agent-1.15.11.jar)
WARNING: If a serviceability tool is in use, please run with -XX:+EnableDynamicAgentLoading to hide this warning
WARNING: If a serviceability tool is not in use, please run with -Djdk.instrument.traceUsage for more information
WARNING: Dynamic loading of agents will be disallowed by default in a future release
]]></system-err>
  </testcase>
</testsuite>